<?xml version="1.0" encoding="UTF-8"?>
<testng-results ignored="0" total="1" passed="1" failed="0" skipped="0">
  <reporter-output>
  </reporter-output>
  <suite started-at="2023-10-23T18:09:49 EET" name="Default suite" finished-at="2023-10-23T18:10:07 EET" duration-ms="18509">
    <groups>
    </groups>
    <test started-at="2023-10-23T18:09:49 EET" name="Default test" finished-at="2023-10-23T18:10:07 EET" duration-ms="18509">
      <class name="MyTestCase.SignUp">
        <test-method is-config="true" signature="mySetup()[pri:0, instance:MyTestCase.SignUp@4a335fa8]" started-at="2023-10-23T18:09:49 EET" name="mySetup" finished-at="2023-10-23T18:09:57 EET" duration-ms="8627" status="PASS">
          <reporter-output>
          </reporter-output>
        </test-method> <!-- mySetup -->
        <test-method signature="myTest()[pri:0, instance:MyTestCase.SignUp@4a335fa8]" started-at="2023-10-23T18:09:58 EET" name="myTest" finished-at="2023-10-23T18:10:07 EET" duration-ms="9125" status="PASS">
          <reporter-output>
          </reporter-output>
        </test-method> <!-- myTest -->
        <test-method is-config="true" signature="myAfter()[pri:0, instance:MyTestCase.SignUp@4a335fa8]" started-at="2023-10-23T18:10:07 EET" name="myAfter" finished-at="2023-10-23T18:10:07 EET" duration-ms="1" status="PASS">
          <reporter-output>
          </reporter-output>
        </test-method> <!-- myAfter -->
      </class> <!-- MyTestCase.SignUp -->
    </test> <!-- Default test -->
  </suite> <!-- Default suite -->
</testng-results>
